<?xml version="1.0" encoding="UTF-8"?>
<testsuite name="com.example.readinglist.ReadingListApplicationTests" tests="1" skipped="0" failures="0" errors="0" timestamp="2018-09-24T14:36:14" hostname="xian" time="0.003">
  <properties/>
  <testcase name="contextLoads" classname="com.example.readinglist.ReadingListApplicationTests" time="0.003"/>
  <system-out><![CDATA[2018-09-24 22:36:11.990  INFO 6176 --- [    Test worker] .b.t.c.SpringBootTestContextBootstrapper : Neither @ContextConfiguration nor @ContextHierarchy found for test class [com.example.readinglist.ReadingListApplicationTests], using SpringBootContextLoader
2018-09-24 22:36:11.994  INFO 6176 --- [    Test worker] o.s.t.c.s.AbstractContextLoader          : Could not detect default resource locations for test class [com.example.readinglist.ReadingListApplicationTests]: no resource found for suffixes {-context.xml, Context.groovy}.
2018-09-24 22:36:11.995  INFO 6176 --- [    Test worker] t.c.s.AnnotationConfigContextLoaderUtils : Could not detect default configuration classes for test class [com.example.readinglist.ReadingListApplicationTests]: ReadingListApplicationTests does not declare any static, non-private, non-final, nested classes annotated with @Configuration.
2018-09-24 22:36:12.026  INFO 6176 --- [    Test worker] .b.t.c.SpringBootTestContextBootstrapper : Found @SpringBootConfiguration com.example.readinglist.ReadingListApplication for test class com.example.readinglist.ReadingListApplicationTests
2018-09-24 22:36:12.030  INFO 6176 --- [    Test worker] .b.t.c.SpringBootTestContextBootstrapper : Loaded default TestExecutionListener class names from location [META-INF/spring.factories]: [org.springframework.security.test.context.support.WithSecurityContextTestExecutionListener, org.springframework.boot.test.autoconfigure.restdocs.RestDocsTestExecutionListener, org.springframework.boot.test.autoconfigure.web.client.MockRestServiceServerResetTestExecutionListener, org.springframework.boot.test.autoconfigure.web.servlet.MockMvcPrintOnlyOnFailureTestExecutionListener, org.springframework.boot.test.autoconfigure.web.servlet.WebDriverTestExecutionListener, org.springframework.boot.test.mock.mockito.MockitoTestExecutionListener, org.springframework.boot.test.mock.mockito.ResetMocksTestExecutionListener, org.springframework.test.context.web.ServletTestExecutionListener, org.springframework.test.context.support.DirtiesContextBeforeModesTestExecutionListener, org.springframework.test.context.support.DependencyInjectionTestExecutionListener, org.springframework.test.context.support.DirtiesContextTestExecutionListener, org.springframework.test.context.transaction.TransactionalTestExecutionListener, org.springframework.test.context.jdbc.SqlScriptsTestExecutionListener]
2018-09-24 22:36:12.032  INFO 6176 --- [    Test worker] .b.t.c.SpringBootTestContextBootstrapper : Using TestExecutionListeners: [org.springframework.test.context.web.ServletTestExecutionListener@320b0b74, org.springframework.test.context.support.DirtiesContextBeforeModesTestExecutionListener@5d39440c, org.springframework.boot.test.mock.mockito.MockitoTestExecutionListener@2aa85a3a, org.springframework.boot.test.autoconfigure.SpringBootDependencyInjectionTestExecutionListener@1926093f, org.springframework.test.context.support.DirtiesContextTestExecutionListener@731cf1c4, org.springframework.test.context.transaction.TransactionalTestExecutionListener@6412c28f, org.springframework.test.context.jdbc.SqlScriptsTestExecutionListener@c833dbd, org.springframework.boot.test.autoconfigure.restdocs.RestDocsTestExecutionListener@25c5b2e3, org.springframework.boot.test.autoconfigure.web.client.MockRestServiceServerResetTestExecutionListener@31c3e54e, org.springframework.boot.test.autoconfigure.web.servlet.MockMvcPrintOnlyOnFailureTestExecutionListener@43375f43, org.springframework.boot.test.autoconfigure.web.servlet.WebDriverTestExecutionListener@56ccfc4d, org.springframework.boot.test.mock.mockito.ResetMocksTestExecutionListener@5e160edd, org.springframework.security.test.context.support.WithSecurityContextTestExecutionListener@70d169c4]

  .   ____          _            __ _ _
 /\\ / ___'_ __ _ _(_)_ __  __ _ \ \ \ \
( ( )\___ | '_ | '_| | '_ \/ _` | \ \ \ \
 \\/  ___)| |_)| | | | | || (_| |  ) ) ) )
  '  |____| .__|_| |_|_| |_\__, | / / / /
 =========|_|==============|___/=/_/_/_/
 :: Spring Boot ::        (v2.0.4.RELEASE)

2018-09-24 22:36:12.092  INFO 6176 --- [    Test worker] c.e.r.ReadingListApplicationTests        : Starting ReadingListApplicationTests on xian with PID 6176 (started by Dell in D:\eclipse\workspace\spring\readinglist)
2018-09-24 22:36:12.093  INFO 6176 --- [    Test worker] c.e.r.ReadingListApplicationTests        : No active profile set, falling back to default profiles: default
2018-09-24 22:36:12.100  INFO 6176 --- [    Test worker] o.s.w.c.s.GenericWebApplicationContext   : Refreshing org.springframework.web.context.support.GenericWebApplicationContext@5b84a250: startup date [Mon Sep 24 22:36:12 CST 2018]; root of context hierarchy
2018-09-24 22:36:12.705  INFO 6176 --- [    Test worker] trationDelegate$BeanPostProcessorChecker : Bean 'org.springframework.transaction.annotation.ProxyTransactionManagementConfiguration' of type [org.springframework.transaction.annotation.ProxyTransactionManagementConfiguration$$EnhancerBySpringCGLIB$$79f6d596] is not eligible for getting processed by all BeanPostProcessors (for example: not eligible for auto-proxying)
2018-09-24 22:36:12.866  INFO 6176 --- [    Test worker] c.z.h.HikariDataSource                   : HikariPool-2 - Starting...
2018-09-24 22:36:12.868  INFO 6176 --- [    Test worker] c.z.h.HikariDataSource                   : HikariPool-2 - Start completed.
2018-09-24 22:36:12.905  INFO 6176 --- [    Test worker] j.LocalContainerEntityManagerFactoryBean : Building JPA container EntityManagerFactory for persistence unit 'default'
2018-09-24 22:36:12.906  INFO 6176 --- [    Test worker] o.h.j.i.u.LogHelper                      : HHH000204: Processing PersistenceUnitInfo [
	name: default
	...]
2018-09-24 22:36:12.917  INFO 6176 --- [    Test worker] o.h.d.Dialect                            : HHH000400: Using dialect: org.hibernate.dialect.H2Dialect
2018-09-24 22:36:12.991  INFO 6176 --- [    Test worker] o.h.t.s.i.SchemaCreatorImpl              : HHH000476: Executing import script 'org.hibernate.tool.schema.internal.exec.ScriptSourceInputNonExistentImpl@673867a'
2018-09-24 22:36:12.992  INFO 6176 --- [    Test worker] j.LocalContainerEntityManagerFactoryBean : Initialized JPA EntityManagerFactory for persistence unit 'default'
2018-09-24 22:36:13.513  INFO 6176 --- [    Test worker] o.s.s.w.DefaultSecurityFilterChain       : Creating filter chain: org.springframework.security.web.util.matcher.AnyRequestMatcher@1, [org.springframework.security.web.context.request.async.WebAsyncManagerIntegrationFilter@68c1c39c, org.springframework.security.web.context.SecurityContextPersistenceFilter@3d8fbf14, org.springframework.security.web.header.HeaderWriterFilter@c5d20d8, org.springframework.security.web.authentication.logout.LogoutFilter@6977ab31, org.springframework.security.web.authentication.UsernamePasswordAuthenticationFilter@24fe65ed, org.springframework.security.web.savedrequest.RequestCacheAwareFilter@97a8aa6, org.springframework.security.web.servletapi.SecurityContextHolderAwareRequestFilter@6cc430b1, org.springframework.security.web.authentication.AnonymousAuthenticationFilter@2051756d, org.springframework.security.web.session.SessionManagementFilter@3e377028, org.springframework.security.web.access.ExceptionTranslationFilter@675a6360, org.springframework.security.web.access.intercept.FilterSecurityInterceptor@42dbe048]
2018-09-24 22:36:13.785  INFO 6176 --- [    Test worker] o.s.w.s.h.SimpleUrlHandlerMapping        : Mapped URL path [/**/favicon.ico] onto handler of type [class org.springframework.web.servlet.resource.ResourceHttpRequestHandler]
2018-09-24 22:36:13.946  INFO 6176 --- [    Test worker] s.w.s.m.m.a.RequestMappingHandlerAdapter : Looking for @ControllerAdvice: org.springframework.web.context.support.GenericWebApplicationContext@5b84a250: startup date [Mon Sep 24 22:36:12 CST 2018]; root of context hierarchy
2018-09-24 22:36:13.952  WARN 6176 --- [    Test worker] aWebConfiguration$JpaWebMvcConfiguration : spring.jpa.open-in-view is enabled by default. Therefore, database queries may be performed during view rendering. Explicitly configure spring.jpa.open-in-view to disable this warning
2018-09-24 22:36:13.980  INFO 6176 --- [    Test worker] s.w.s.m.m.a.RequestMappingHandlerMapping : Mapped "{[/readingList/{reader}],methods=[GET]}" onto public java.lang.String com.example.readinglist.ReadingListController.readersBooks(java.lang.String,org.springframework.ui.Model)
2018-09-24 22:36:13.981  INFO 6176 --- [    Test worker] s.w.s.m.m.a.RequestMappingHandlerMapping : Mapped "{[/readingList/{reader}],methods=[POST]}" onto public java.lang.String com.example.readinglist.ReadingListController.addToReadingList(java.lang.String,com.example.readinglist.Book)
2018-09-24 22:36:13.985  INFO 6176 --- [    Test worker] s.w.s.m.m.a.RequestMappingHandlerMapping : Mapped "{[/error]}" onto public org.springframework.http.ResponseEntity<java.util.Map<java.lang.String, java.lang.Object>> org.springframework.boot.autoconfigure.web.servlet.error.BasicErrorController.error(javax.servlet.http.HttpServletRequest)
2018-09-24 22:36:13.985  INFO 6176 --- [    Test worker] s.w.s.m.m.a.RequestMappingHandlerMapping : Mapped "{[/error],produces=[text/html]}" onto public org.springframework.web.servlet.ModelAndView org.springframework.boot.autoconfigure.web.servlet.error.BasicErrorController.errorHtml(javax.servlet.http.HttpServletRequest,javax.servlet.http.HttpServletResponse)
2018-09-24 22:36:14.019  INFO 6176 --- [    Test worker] o.s.w.s.h.SimpleUrlHandlerMapping        : Mapped URL path [/webjars/**] onto handler of type [class org.springframework.web.servlet.resource.ResourceHttpRequestHandler]
2018-09-24 22:36:14.020  INFO 6176 --- [    Test worker] o.s.w.s.h.SimpleUrlHandlerMapping        : Mapped URL path [/**] onto handler of type [class org.springframework.web.servlet.resource.ResourceHttpRequestHandler]
2018-09-24 22:36:14.438  INFO 6176 --- [    Test worker] c.e.r.ReadingListApplicationTests        : Started ReadingListApplicationTests in 2.399 seconds (JVM running for 14.996)
]]></system-out>
  <system-err><![CDATA[]]></system-err>
</testsuite>
