<?xml version="1.0" encoding="UTF-8"?>
<testsuite name="com.example.readinglist.ReadingListApplicationTests" tests="1" skipped="0" failures="0" errors="0" timestamp="2018-09-16T05:10:34" hostname="xian" time="0.411">
  <properties/>
  <testcase name="contextLoads" classname="com.example.readinglist.ReadingListApplicationTests" time="0.411"/>
  <system-out><![CDATA[
  .   ____          _            __ _ _
 /\\ / ___'_ __ _ _(_)_ __  __ _ \ \ \ \
( ( )\___ | '_ | '_| | '_ \/ _` | \ \ \ \
 \\/  ___)| |_)| | | | | || (_| |  ) ) ) )
  '  |____| .__|_| |_|_| |_\__, | / / / /
 =========|_|==============|___/=/_/_/_/
 :: Spring Boot ::        (v2.0.4.RELEASE)

2018-09-16 13:10:26.746  INFO 6736 --- [    Test worker] c.e.r.ReadingListApplicationTests        : Starting ReadingListApplicationTests on xian with PID 6736 (started by Dell in D:\eclipse\workspace\spring\readinglist)
2018-09-16 13:10:26.761  INFO 6736 --- [    Test worker] c.e.r.ReadingListApplicationTests        : No active profile set, falling back to default profiles: default
2018-09-16 13:10:26.945  INFO 6736 --- [    Test worker] o.s.w.c.s.GenericWebApplicationContext   : Refreshing org.springframework.web.context.support.GenericWebApplicationContext@646bf133: startup date [Sun Sep 16 13:10:26 CST 2018]; root of context hierarchy
2018-09-16 13:10:29.159  INFO 6736 --- [    Test worker] trationDelegate$BeanPostProcessorChecker : Bean 'org.springframework.transaction.annotation.ProxyTransactionManagementConfiguration' of type [org.springframework.transaction.annotation.ProxyTransactionManagementConfiguration$$EnhancerBySpringCGLIB$$25a9c6ce] is not eligible for getting processed by all BeanPostProcessors (for example: not eligible for auto-proxying)
2018-09-16 13:10:29.788  INFO 6736 --- [    Test worker] c.z.h.HikariDataSource                   : HikariPool-1 - Starting...
2018-09-16 13:10:30.082  INFO 6736 --- [    Test worker] c.z.h.HikariDataSource                   : HikariPool-1 - Start completed.
2018-09-16 13:10:30.171  INFO 6736 --- [    Test worker] j.LocalContainerEntityManagerFactoryBean : Building JPA container EntityManagerFactory for persistence unit 'default'
2018-09-16 13:10:30.200  INFO 6736 --- [    Test worker] o.h.j.i.u.LogHelper                      : HHH000204: Processing PersistenceUnitInfo [
	name: default
	...]
2018-09-16 13:10:30.303  INFO 6736 --- [    Test worker] o.h.Version                              : HHH000412: Hibernate Core {5.2.17.Final}
2018-09-16 13:10:30.306  INFO 6736 --- [    Test worker] o.h.c.Environment                        : HHH000206: hibernate.properties not found
2018-09-16 13:10:30.432  INFO 6736 --- [    Test worker] o.h.a.c.Version                          : HCANN000001: Hibernate Commons Annotations {5.0.1.Final}
2018-09-16 13:10:30.639  INFO 6736 --- [    Test worker] o.h.d.Dialect                            : HHH000400: Using dialect: org.hibernate.dialect.H2Dialect
2018-09-16 13:10:31.442  INFO 6736 --- [    Test worker] o.h.t.s.i.SchemaCreatorImpl              : HHH000476: Executing import script 'org.hibernate.tool.schema.internal.exec.ScriptSourceInputNonExistentImpl@7133591a'
2018-09-16 13:10:31.446  INFO 6736 --- [    Test worker] j.LocalContainerEntityManagerFactoryBean : Initialized JPA EntityManagerFactory for persistence unit 'default'
2018-09-16 13:10:32.794  INFO 6736 --- [    Test worker] o.s.s.w.DefaultSecurityFilterChain       : Creating filter chain: org.springframework.security.web.util.matcher.AnyRequestMatcher@1, [org.springframework.security.web.context.request.async.WebAsyncManagerIntegrationFilter@1b4a3223, org.springframework.security.web.context.SecurityContextPersistenceFilter@5a55f64b, org.springframework.security.web.header.HeaderWriterFilter@71a9da2e, org.springframework.security.web.authentication.logout.LogoutFilter@3b6d85c4, org.springframework.security.web.authentication.UsernamePasswordAuthenticationFilter@12589b5, org.springframework.security.web.savedrequest.RequestCacheAwareFilter@5bcf1b8f, org.springframework.security.web.servletapi.SecurityContextHolderAwareRequestFilter@77ae324e, org.springframework.security.web.authentication.AnonymousAuthenticationFilter@3c521f67, org.springframework.security.web.session.SessionManagementFilter@489c3687, org.springframework.security.web.access.ExceptionTranslationFilter@13741d71, org.springframework.security.web.access.intercept.FilterSecurityInterceptor@c81eba9]
2018-09-16 13:10:33.362  INFO 6736 --- [    Test worker] o.s.w.s.h.SimpleUrlHandlerMapping        : Mapped URL path [/**/favicon.ico] onto handler of type [class org.springframework.web.servlet.resource.ResourceHttpRequestHandler]
2018-09-16 13:10:33.846  INFO 6736 --- [    Test worker] s.w.s.m.m.a.RequestMappingHandlerAdapter : Looking for @ControllerAdvice: org.springframework.web.context.support.GenericWebApplicationContext@646bf133: startup date [Sun Sep 16 13:10:26 CST 2018]; root of context hierarchy
2018-09-16 13:10:33.919  WARN 6736 --- [    Test worker] aWebConfiguration$JpaWebMvcConfiguration : spring.jpa.open-in-view is enabled by default. Therefore, database queries may be performed during view rendering. Explicitly configure spring.jpa.open-in-view to disable this warning
2018-09-16 13:10:33.983  INFO 6736 --- [    Test worker] s.w.s.m.m.a.RequestMappingHandlerMapping : Mapped "{[/readingList/{reader}],methods=[POST]}" onto public java.lang.String com.example.readinglist.ReadingListController.addToReadingList(java.lang.String,com.example.readinglist.Book)
2018-09-16 13:10:33.985  INFO 6736 --- [    Test worker] s.w.s.m.m.a.RequestMappingHandlerMapping : Mapped "{[/readingList/{reader}],methods=[GET]}" onto public java.lang.String com.example.readinglist.ReadingListController.readersBooks(java.lang.String,org.springframework.ui.Model)
2018-09-16 13:10:33.991  INFO 6736 --- [    Test worker] s.w.s.m.m.a.RequestMappingHandlerMapping : Mapped "{[/error]}" onto public org.springframework.http.ResponseEntity<java.util.Map<java.lang.String, java.lang.Object>> org.springframework.boot.autoconfigure.web.servlet.error.BasicErrorController.error(javax.servlet.http.HttpServletRequest)
2018-09-16 13:10:33.994  INFO 6736 --- [    Test worker] s.w.s.m.m.a.RequestMappingHandlerMapping : Mapped "{[/error],produces=[text/html]}" onto public org.springframework.web.servlet.ModelAndView org.springframework.boot.autoconfigure.web.servlet.error.BasicErrorController.errorHtml(javax.servlet.http.HttpServletRequest,javax.servlet.http.HttpServletResponse)
2018-09-16 13:10:34.044  INFO 6736 --- [    Test worker] o.s.w.s.h.SimpleUrlHandlerMapping        : Mapped URL path [/webjars/**] onto handler of type [class org.springframework.web.servlet.resource.ResourceHttpRequestHandler]
2018-09-16 13:10:34.045  INFO 6736 --- [    Test worker] o.s.w.s.h.SimpleUrlHandlerMapping        : Mapped URL path [/**] onto handler of type [class org.springframework.web.servlet.resource.ResourceHttpRequestHandler]
2018-09-16 13:10:34.755  INFO 6736 --- [    Test worker] c.e.r.ReadingListApplicationTests        : Started ReadingListApplicationTests in 18.537 seconds (JVM running for 21.059)
]]></system-out>
  <system-err><![CDATA[]]></system-err>
</testsuite>
