<?xml version="1.0" encoding="UTF-8"?>
<testsuite name="com.example.readinglist.ReadingListApplicationTests" tests="1" skipped="0" failures="0" errors="0" timestamp="2018-09-16T12:54:52" hostname="xian" time="0.425">
  <properties/>
  <testcase name="contextLoads" classname="com.example.readinglist.ReadingListApplicationTests" time="0.425"/>
  <system-out><![CDATA[
  .   ____          _            __ _ _
 /\\ / ___'_ __ _ _(_)_ __  __ _ \ \ \ \
( ( )\___ | '_ | '_| | '_ \/ _` | \ \ \ \
 \\/  ___)| |_)| | | | | || (_| |  ) ) ) )
  '  |____| .__|_| |_|_| |_\__, | / / / /
 =========|_|==============|___/=/_/_/_/
 :: Spring Boot ::        (v2.0.4.RELEASE)

2018-09-16 20:54:44.588  INFO 9740 --- [    Test worker] c.e.r.ReadingListApplicationTests        : Starting ReadingListApplicationTests on xian with PID 9740 (started by Dell in D:\eclipse\workspace\spring\readinglist)
2018-09-16 20:54:44.602  INFO 9740 --- [    Test worker] c.e.r.ReadingListApplicationTests        : No active profile set, falling back to default profiles: default
2018-09-16 20:54:44.670  INFO 9740 --- [    Test worker] o.s.w.c.s.GenericWebApplicationContext   : Refreshing org.springframework.web.context.support.GenericWebApplicationContext@322ae22a: startup date [Sun Sep 16 20:54:44 CST 2018]; root of context hierarchy
2018-09-16 20:54:47.074  INFO 9740 --- [    Test worker] trationDelegate$BeanPostProcessorChecker : Bean 'org.springframework.transaction.annotation.ProxyTransactionManagementConfiguration' of type [org.springframework.transaction.annotation.ProxyTransactionManagementConfiguration$$EnhancerBySpringCGLIB$$c0bb78b8] is not eligible for getting processed by all BeanPostProcessors (for example: not eligible for auto-proxying)
2018-09-16 20:54:47.542  INFO 9740 --- [    Test worker] c.z.h.HikariDataSource                   : HikariPool-1 - Starting...
2018-09-16 20:54:47.729  INFO 9740 --- [    Test worker] c.z.h.HikariDataSource                   : HikariPool-1 - Start completed.
2018-09-16 20:54:47.836  INFO 9740 --- [    Test worker] j.LocalContainerEntityManagerFactoryBean : Building JPA container EntityManagerFactory for persistence unit 'default'
2018-09-16 20:54:47.873  INFO 9740 --- [    Test worker] o.h.j.i.u.LogHelper                      : HHH000204: Processing PersistenceUnitInfo [
	name: default
	...]
2018-09-16 20:54:47.980  INFO 9740 --- [    Test worker] o.h.Version                              : HHH000412: Hibernate Core {5.2.17.Final}
2018-09-16 20:54:47.982  INFO 9740 --- [    Test worker] o.h.c.Environment                        : HHH000206: hibernate.properties not found
2018-09-16 20:54:48.043  INFO 9740 --- [    Test worker] o.h.a.c.Version                          : HCANN000001: Hibernate Commons Annotations {5.0.1.Final}
2018-09-16 20:54:48.243  INFO 9740 --- [    Test worker] o.h.d.Dialect                            : HHH000400: Using dialect: org.hibernate.dialect.H2Dialect
2018-09-16 20:54:48.983  INFO 9740 --- [    Test worker] o.h.t.s.i.SchemaCreatorImpl              : HHH000476: Executing import script 'org.hibernate.tool.schema.internal.exec.ScriptSourceInputNonExistentImpl@578d914'
2018-09-16 20:54:48.988  INFO 9740 --- [    Test worker] j.LocalContainerEntityManagerFactoryBean : Initialized JPA EntityManagerFactory for persistence unit 'default'
2018-09-16 20:54:50.380  INFO 9740 --- [    Test worker] o.s.s.w.DefaultSecurityFilterChain       : Creating filter chain: org.springframework.security.web.util.matcher.AnyRequestMatcher@1, [org.springframework.security.web.context.request.async.WebAsyncManagerIntegrationFilter@7c378aef, org.springframework.security.web.context.SecurityContextPersistenceFilter@730e6eb8, org.springframework.security.web.header.HeaderWriterFilter@6361eb55, org.springframework.security.web.authentication.logout.LogoutFilter@6beaa1ad, org.springframework.security.web.authentication.UsernamePasswordAuthenticationFilter@182340cf, org.springframework.security.web.savedrequest.RequestCacheAwareFilter@24a7bf4c, org.springframework.security.web.servletapi.SecurityContextHolderAwareRequestFilter@6510ef16, org.springframework.security.web.authentication.AnonymousAuthenticationFilter@447b07c, org.springframework.security.web.session.SessionManagementFilter@69efcdd6, org.springframework.security.web.access.ExceptionTranslationFilter@2279ca3f, org.springframework.security.web.access.intercept.FilterSecurityInterceptor@5b9b525e]
2018-09-16 20:54:50.945  INFO 9740 --- [    Test worker] o.s.w.s.h.SimpleUrlHandlerMapping        : Mapped URL path [/**/favicon.ico] onto handler of type [class org.springframework.web.servlet.resource.ResourceHttpRequestHandler]
2018-09-16 20:54:51.409  INFO 9740 --- [    Test worker] s.w.s.m.m.a.RequestMappingHandlerAdapter : Looking for @ControllerAdvice: org.springframework.web.context.support.GenericWebApplicationContext@322ae22a: startup date [Sun Sep 16 20:54:44 CST 2018]; root of context hierarchy
2018-09-16 20:54:51.497  WARN 9740 --- [    Test worker] aWebConfiguration$JpaWebMvcConfiguration : spring.jpa.open-in-view is enabled by default. Therefore, database queries may be performed during view rendering. Explicitly configure spring.jpa.open-in-view to disable this warning
2018-09-16 20:54:51.580  INFO 9740 --- [    Test worker] s.w.s.m.m.a.RequestMappingHandlerMapping : Mapped "{[/readingList/{reader}],methods=[POST]}" onto public java.lang.String com.example.readinglist.ReadingListController.addToReadingList(java.lang.String,com.example.readinglist.Book)
2018-09-16 20:54:51.582  INFO 9740 --- [    Test worker] s.w.s.m.m.a.RequestMappingHandlerMapping : Mapped "{[/readingList/{reader}],methods=[GET]}" onto public java.lang.String com.example.readinglist.ReadingListController.readersBooks(java.lang.String,org.springframework.ui.Model)
2018-09-16 20:54:51.587  INFO 9740 --- [    Test worker] s.w.s.m.m.a.RequestMappingHandlerMapping : Mapped "{[/error]}" onto public org.springframework.http.ResponseEntity<java.util.Map<java.lang.String, java.lang.Object>> org.springframework.boot.autoconfigure.web.servlet.error.BasicErrorController.error(javax.servlet.http.HttpServletRequest)
2018-09-16 20:54:51.588  INFO 9740 --- [    Test worker] s.w.s.m.m.a.RequestMappingHandlerMapping : Mapped "{[/error],produces=[text/html]}" onto public org.springframework.web.servlet.ModelAndView org.springframework.boot.autoconfigure.web.servlet.error.BasicErrorController.errorHtml(javax.servlet.http.HttpServletRequest,javax.servlet.http.HttpServletResponse)
2018-09-16 20:54:51.643  INFO 9740 --- [    Test worker] o.s.w.s.h.SimpleUrlHandlerMapping        : Mapped URL path [/webjars/**] onto handler of type [class org.springframework.web.servlet.resource.ResourceHttpRequestHandler]
2018-09-16 20:54:51.643  INFO 9740 --- [    Test worker] o.s.w.s.h.SimpleUrlHandlerMapping        : Mapped URL path [/**] onto handler of type [class org.springframework.web.servlet.resource.ResourceHttpRequestHandler]
2018-09-16 20:54:52.201  INFO 9740 --- [    Test worker] c.e.r.ReadingListApplicationTests        : Started ReadingListApplicationTests in 8.183 seconds (JVM running for 10.099)
]]></system-out>
  <system-err><![CDATA[]]></system-err>
</testsuite>
